FUNNELWEB LISTING FILE
======================

Dump of mapped file "<<Suppressed>>".

MEMORY DUMP OF MAPPED FILE
==========================

+-------------------------------------------------+------------------+
| 00 01 02 03 04 05 06 07 08 09 0A 0B 0C 0D 0E 0F | 0123456789ABCDEF |
+-------------------------------------------------+------------------+
+-------------------------------------------------+------------------+


=========================== Start of LINE LIST DUMP ============================

Globl Local| Text
-----------+--------------------------------------------------------------------
00001 00001| <End-Of-File><010>
-----------+--------------------------------------------------------------------
Globl Local| Text

============================ End of LINE LIST DUMP =============================


=========================== Start of TOKEN LIST DUMP ===========================

Summary: There are 1 tokens in the token list.

Line[Column]: Token Description
-------------------------------

0001[01]: End Of File. 
============================ End of TOKEN LIST DUMP ============================


========================== Start of MACRO TABLE DUMP ===========================


=========================== End of MACRO TABLE DUMP ============================


========================= Start of DOCUMENT LIST DUMP ==========================


========================== End of DOCUMENT LIST DUMP ===========================

E: No macros defined.
E: No output files specified.

Global Local| Input File
------------+-------------------------------------------------------------------
            | <End-Of-File>
     Warning|.^Input file is empty (not a byte in syte)!
------------+-------------------------------------------------------------------

There were 2 Errors and 1 Warning.
