FUNNELWEB LISTING FILE
======================

Dump of mapped file "<<Suppressed>>".

MEMORY DUMP OF MAPPED FILE
==========================

+-------------------------------------------------+------------------+
| 00 01 02 03 04 05 06 07 08 09 0A 0B 0C 0D 0E 0F | 0123456789ABCDEF |
+-------------------------------------------------+------------------+
| 0A                                              | .                |
+-------------------------------------------------+------------------+


=========================== Start of LINE LIST DUMP ============================

Globl Local| Text
-----------+--------------------------------------------------------------------
00001 00001| <010>
00002 00002| <End-Of-File><010>
-----------+--------------------------------------------------------------------
Globl Local| Text

============================ End of LINE LIST DUMP =============================


=========================== Start of TOKEN LIST DUMP ===========================

Summary: There are 2 tokens in the token list.

Line[Column]: Token Description
-------------------------------

0001[01]: Text. Text scrap[White]="<010>
"
0002[01]: End Of File. 
============================ End of TOKEN LIST DUMP ============================


========================== Start of MACRO TABLE DUMP ===========================


=========================== End of MACRO TABLE DUMP ============================


========================= Start of DOCUMENT LIST DUMP ==========================


TEXT COMPONENT: Pos(L,C)=(1,1). 

-- Start of Text Scrap List --
Text scrap[White]="<010>
"
--- End of Text Scrap List ---


========================== End of DOCUMENT LIST DUMP ===========================

E: No macros defined.
E: No output files specified.

Global Local| Input File
------------+-------------------------------------------------------------------
.................
------------+-------------------------------------------------------------------

There were 2 Errors.
