FUNNELWEB LISTING FILE
======================

Dump of mapped file "<<Suppressed>>".

MEMORY DUMP OF MAPPED FILE
==========================

+-------------------------------------------------+------------------+
| 00 01 02 03 04 05 06 07 08 09 0A 0B 0C 0D 0E 0F | 0123456789ABCDEF |
+-------------------------------------------------+------------------+
| 53 43 31 34 3A 20 54 65 73 74 20 74 68 61 74 20 | SC14: Test that  |
| 74 68 65 20 6D 61 78 69 6D 75 6D 20 6E 75 6D 62 | the maximum numb |
| 65 72 20 6F 66 20 6C 65 76 65 6C 73 20 6F 66 20 | er of levels of  |
| 69 6E 63 6C 75 64 65 20 66 69 6C 65 20 69 73 20 | include file is  |
| 31 30 2E 0A 54 68 69 73 20 69 73 20 6D 6F 73 74 | 10..This is most |
| 20 65 61 73 69 6C 79 20 64 6F 6E 65 20 77 69 74 |  easily done wit |
| 68 20 61 20 72 65 63 75 72 73 69 76 65 20 69 6E | h a recursive in |
| 63 6C 75 73 69 6F 6E 2E 0A 0A 42 65 66 6F 72 65 | clusion...Before |
| 20 74 68 65 20 69 6E 63 6C 75 64 65 0A 40 69 20 |  the include.@i  |
| 73 63 31 34 2E 66 77 0A 41 66 74 65 72 20 74 68 | sc14.fw.After th |
| 65 20 69 6E 63 6C 75 64 65 0A                   | e include.       |
+-------------------------------------------------+------------------+

Dump of mapped file "<<Suppressed>>".

MEMORY DUMP OF MAPPED FILE
==========================

+-------------------------------------------------+------------------+
| 00 01 02 03 04 05 06 07 08 09 0A 0B 0C 0D 0E 0F | 0123456789ABCDEF |
+-------------------------------------------------+------------------+
| 53 43 31 34 3A 20 54 65 73 74 20 74 68 61 74 20 | SC14: Test that  |
| 74 68 65 20 6D 61 78 69 6D 75 6D 20 6E 75 6D 62 | the maximum numb |
| 65 72 20 6F 66 20 6C 65 76 65 6C 73 20 6F 66 20 | er of levels of  |
| 69 6E 63 6C 75 64 65 20 66 69 6C 65 20 69 73 20 | include file is  |
| 31 30 2E 0A 54 68 69 73 20 69 73 20 6D 6F 73 74 | 10..This is most |
| 20 65 61 73 69 6C 79 20 64 6F 6E 65 20 77 69 74 |  easily done wit |
| 68 20 61 20 72 65 63 75 72 73 69 76 65 20 69 6E | h a recursive in |
| 63 6C 75 73 69 6F 6E 2E 0A 0A 42 65 66 6F 72 65 | clusion...Before |
| 20 74 68 65 20 69 6E 63 6C 75 64 65 0A 40 69 20 |  the include.@i  |
| 73 63 31 34 2E 66 77 0A 41 66 74 65 72 20 74 68 | sc14.fw.After th |
| 65 20 69 6E 63 6C 75 64 65 0A                   | e include.       |
+-------------------------------------------------+------------------+

Dump of mapped file "<<Suppressed>>".

MEMORY DUMP OF MAPPED FILE
==========================

+-------------------------------------------------+------------------+
| 00 01 02 03 04 05 06 07 08 09 0A 0B 0C 0D 0E 0F | 0123456789ABCDEF |
+-------------------------------------------------+------------------+
| 53 43 31 34 3A 20 54 65 73 74 20 74 68 61 74 20 | SC14: Test that  |
| 74 68 65 20 6D 61 78 69 6D 75 6D 20 6E 75 6D 62 | the maximum numb |
| 65 72 20 6F 66 20 6C 65 76 65 6C 73 20 6F 66 20 | er of levels of  |
| 69 6E 63 6C 75 64 65 20 66 69 6C 65 20 69 73 20 | include file is  |
| 31 30 2E 0A 54 68 69 73 20 69 73 20 6D 6F 73 74 | 10..This is most |
| 20 65 61 73 69 6C 79 20 64 6F 6E 65 20 77 69 74 |  easily done wit |
| 68 20 61 20 72 65 63 75 72 73 69 76 65 20 69 6E | h a recursive in |
| 63 6C 75 73 69 6F 6E 2E 0A 0A 42 65 66 6F 72 65 | clusion...Before |
| 20 74 68 65 20 69 6E 63 6C 75 64 65 0A 40 69 20 |  the include.@i  |
| 73 63 31 34 2E 66 77 0A 41 66 74 65 72 20 74 68 | sc14.fw.After th |
| 65 20 69 6E 63 6C 75 64 65 0A                   | e include.       |
+-------------------------------------------------+------------------+

Dump of mapped file "<<Suppressed>>".

MEMORY DUMP OF MAPPED FILE
==========================

+-------------------------------------------------+------------------+
| 00 01 02 03 04 05 06 07 08 09 0A 0B 0C 0D 0E 0F | 0123456789ABCDEF |
+-------------------------------------------------+------------------+
| 53 43 31 34 3A 20 54 65 73 74 20 74 68 61 74 20 | SC14: Test that  |
| 74 68 65 20 6D 61 78 69 6D 75 6D 20 6E 75 6D 62 | the maximum numb |
| 65 72 20 6F 66 20 6C 65 76 65 6C 73 20 6F 66 20 | er of levels of  |
| 69 6E 63 6C 75 64 65 20 66 69 6C 65 20 69 73 20 | include file is  |
| 31 30 2E 0A 54 68 69 73 20 69 73 20 6D 6F 73 74 | 10..This is most |
| 20 65 61 73 69 6C 79 20 64 6F 6E 65 20 77 69 74 |  easily done wit |
| 68 20 61 20 72 65 63 75 72 73 69 76 65 20 69 6E | h a recursive in |
| 63 6C 75 73 69 6F 6E 2E 0A 0A 42 65 66 6F 72 65 | clusion...Before |
| 20 74 68 65 20 69 6E 63 6C 75 64 65 0A 40 69 20 |  the include.@i  |
| 73 63 31 34 2E 66 77 0A 41 66 74 65 72 20 74 68 | sc14.fw.After th |
| 65 20 69 6E 63 6C 75 64 65 0A                   | e include.       |
+-------------------------------------------------+------------------+

Dump of mapped file "<<Suppressed>>".

MEMORY DUMP OF MAPPED FILE
==========================

+-------------------------------------------------+------------------+
| 00 01 02 03 04 05 06 07 08 09 0A 0B 0C 0D 0E 0F | 0123456789ABCDEF |
+-------------------------------------------------+------------------+
| 53 43 31 34 3A 20 54 65 73 74 20 74 68 61 74 20 | SC14: Test that  |
| 74 68 65 20 6D 61 78 69 6D 75 6D 20 6E 75 6D 62 | the maximum numb |
| 65 72 20 6F 66 20 6C 65 76 65 6C 73 20 6F 66 20 | er of levels of  |
| 69 6E 63 6C 75 64 65 20 66 69 6C 65 20 69 73 20 | include file is  |
| 31 30 2E 0A 54 68 69 73 20 69 73 20 6D 6F 73 74 | 10..This is most |
| 20 65 61 73 69 6C 79 20 64 6F 6E 65 20 77 69 74 |  easily done wit |
| 68 20 61 20 72 65 63 75 72 73 69 76 65 20 69 6E | h a recursive in |
| 63 6C 75 73 69 6F 6E 2E 0A 0A 42 65 66 6F 72 65 | clusion...Before |
| 20 74 68 65 20 69 6E 63 6C 75 64 65 0A 40 69 20 |  the include.@i  |
| 73 63 31 34 2E 66 77 0A 41 66 74 65 72 20 74 68 | sc14.fw.After th |
| 65 20 69 6E 63 6C 75 64 65 0A                   | e include.       |
+-------------------------------------------------+------------------+

Dump of mapped file "<<Suppressed>>".

MEMORY DUMP OF MAPPED FILE
==========================

+-------------------------------------------------+------------------+
| 00 01 02 03 04 05 06 07 08 09 0A 0B 0C 0D 0E 0F | 0123456789ABCDEF |
+-------------------------------------------------+------------------+
| 53 43 31 34 3A 20 54 65 73 74 20 74 68 61 74 20 | SC14: Test that  |
| 74 68 65 20 6D 61 78 69 6D 75 6D 20 6E 75 6D 62 | the maximum numb |
| 65 72 20 6F 66 20 6C 65 76 65 6C 73 20 6F 66 20 | er of levels of  |
| 69 6E 63 6C 75 64 65 20 66 69 6C 65 20 69 73 20 | include file is  |
| 31 30 2E 0A 54 68 69 73 20 69 73 20 6D 6F 73 74 | 10..This is most |
| 20 65 61 73 69 6C 79 20 64 6F 6E 65 20 77 69 74 |  easily done wit |
| 68 20 61 20 72 65 63 75 72 73 69 76 65 20 69 6E | h a recursive in |
| 63 6C 75 73 69 6F 6E 2E 0A 0A 42 65 66 6F 72 65 | clusion...Before |
| 20 74 68 65 20 69 6E 63 6C 75 64 65 0A 40 69 20 |  the include.@i  |
| 73 63 31 34 2E 66 77 0A 41 66 74 65 72 20 74 68 | sc14.fw.After th |
| 65 20 69 6E 63 6C 75 64 65 0A                   | e include.       |
+-------------------------------------------------+------------------+

Dump of mapped file "<<Suppressed>>".

MEMORY DUMP OF MAPPED FILE
==========================

+-------------------------------------------------+------------------+
| 00 01 02 03 04 05 06 07 08 09 0A 0B 0C 0D 0E 0F | 0123456789ABCDEF |
+-------------------------------------------------+------------------+
| 53 43 31 34 3A 20 54 65 73 74 20 74 68 61 74 20 | SC14: Test that  |
| 74 68 65 20 6D 61 78 69 6D 75 6D 20 6E 75 6D 62 | the maximum numb |
| 65 72 20 6F 66 20 6C 65 76 65 6C 73 20 6F 66 20 | er of levels of  |
| 69 6E 63 6C 75 64 65 20 66 69 6C 65 20 69 73 20 | include file is  |
| 31 30 2E 0A 54 68 69 73 20 69 73 20 6D 6F 73 74 | 10..This is most |
| 20 65 61 73 69 6C 79 20 64 6F 6E 65 20 77 69 74 |  easily done wit |
| 68 20 61 20 72 65 63 75 72 73 69 76 65 20 69 6E | h a recursive in |
| 63 6C 75 73 69 6F 6E 2E 0A 0A 42 65 66 6F 72 65 | clusion...Before |
| 20 74 68 65 20 69 6E 63 6C 75 64 65 0A 40 69 20 |  the include.@i  |
| 73 63 31 34 2E 66 77 0A 41 66 74 65 72 20 74 68 | sc14.fw.After th |
| 65 20 69 6E 63 6C 75 64 65 0A                   | e include.       |
+-------------------------------------------------+------------------+

Dump of mapped file "<<Suppressed>>".

MEMORY DUMP OF MAPPED FILE
==========================

+-------------------------------------------------+------------------+
| 00 01 02 03 04 05 06 07 08 09 0A 0B 0C 0D 0E 0F | 0123456789ABCDEF |
+-------------------------------------------------+------------------+
| 53 43 31 34 3A 20 54 65 73 74 20 74 68 61 74 20 | SC14: Test that  |
| 74 68 65 20 6D 61 78 69 6D 75 6D 20 6E 75 6D 62 | the maximum numb |
| 65 72 20 6F 66 20 6C 65 76 65 6C 73 20 6F 66 20 | er of levels of  |
| 69 6E 63 6C 75 64 65 20 66 69 6C 65 20 69 73 20 | include file is  |
| 31 30 2E 0A 54 68 69 73 20 69 73 20 6D 6F 73 74 | 10..This is most |
| 20 65 61 73 69 6C 79 20 64 6F 6E 65 20 77 69 74 |  easily done wit |
| 68 20 61 20 72 65 63 75 72 73 69 76 65 20 69 6E | h a recursive in |
| 63 6C 75 73 69 6F 6E 2E 0A 0A 42 65 66 6F 72 65 | clusion...Before |
| 20 74 68 65 20 69 6E 63 6C 75 64 65 0A 40 69 20 |  the include.@i  |
| 73 63 31 34 2E 66 77 0A 41 66 74 65 72 20 74 68 | sc14.fw.After th |
| 65 20 69 6E 63 6C 75 64 65 0A                   | e include.       |
+-------------------------------------------------+------------------+

Dump of mapped file "<<Suppressed>>".

MEMORY DUMP OF MAPPED FILE
==========================

+-------------------------------------------------+------------------+
| 00 01 02 03 04 05 06 07 08 09 0A 0B 0C 0D 0E 0F | 0123456789ABCDEF |
+-------------------------------------------------+------------------+
| 53 43 31 34 3A 20 54 65 73 74 20 74 68 61 74 20 | SC14: Test that  |
| 74 68 65 20 6D 61 78 69 6D 75 6D 20 6E 75 6D 62 | the maximum numb |
| 65 72 20 6F 66 20 6C 65 76 65 6C 73 20 6F 66 20 | er of levels of  |
| 69 6E 63 6C 75 64 65 20 66 69 6C 65 20 69 73 20 | include file is  |
| 31 30 2E 0A 54 68 69 73 20 69 73 20 6D 6F 73 74 | 10..This is most |
| 20 65 61 73 69 6C 79 20 64 6F 6E 65 20 77 69 74 |  easily done wit |
| 68 20 61 20 72 65 63 75 72 73 69 76 65 20 69 6E | h a recursive in |
| 63 6C 75 73 69 6F 6E 2E 0A 0A 42 65 66 6F 72 65 | clusion...Before |
| 20 74 68 65 20 69 6E 63 6C 75 64 65 0A 40 69 20 |  the include.@i  |
| 73 63 31 34 2E 66 77 0A 41 66 74 65 72 20 74 68 | sc14.fw.After th |
| 65 20 69 6E 63 6C 75 64 65 0A                   | e include.       |
+-------------------------------------------------+------------------+

Dump of mapped file "<<Suppressed>>".

MEMORY DUMP OF MAPPED FILE
==========================

+-------------------------------------------------+------------------+
| 00 01 02 03 04 05 06 07 08 09 0A 0B 0C 0D 0E 0F | 0123456789ABCDEF |
+-------------------------------------------------+------------------+
| 53 43 31 34 3A 20 54 65 73 74 20 74 68 61 74 20 | SC14: Test that  |
| 74 68 65 20 6D 61 78 69 6D 75 6D 20 6E 75 6D 62 | the maximum numb |
| 65 72 20 6F 66 20 6C 65 76 65 6C 73 20 6F 66 20 | er of levels of  |
| 69 6E 63 6C 75 64 65 20 66 69 6C 65 20 69 73 20 | include file is  |
| 31 30 2E 0A 54 68 69 73 20 69 73 20 6D 6F 73 74 | 10..This is most |
| 20 65 61 73 69 6C 79 20 64 6F 6E 65 20 77 69 74 |  easily done wit |
| 68 20 61 20 72 65 63 75 72 73 69 76 65 20 69 6E | h a recursive in |
| 63 6C 75 73 69 6F 6E 2E 0A 0A 42 65 66 6F 72 65 | clusion...Before |
| 20 74 68 65 20 69 6E 63 6C 75 64 65 0A 40 69 20 |  the include.@i  |
| 73 63 31 34 2E 66 77 0A 41 66 74 65 72 20 74 68 | sc14.fw.After th |
| 65 20 69 6E 63 6C 75 64 65 0A                   | e include.       |
+-------------------------------------------------+------------------+

Dump of mapped file "<<Suppressed>>".

MEMORY DUMP OF MAPPED FILE
==========================

+-------------------------------------------------+------------------+
| 00 01 02 03 04 05 06 07 08 09 0A 0B 0C 0D 0E 0F | 0123456789ABCDEF |
+-------------------------------------------------+------------------+
| 53 43 31 34 3A 20 54 65 73 74 20 74 68 61 74 20 | SC14: Test that  |
| 74 68 65 20 6D 61 78 69 6D 75 6D 20 6E 75 6D 62 | the maximum numb |
| 65 72 20 6F 66 20 6C 65 76 65 6C 73 20 6F 66 20 | er of levels of  |
| 69 6E 63 6C 75 64 65 20 66 69 6C 65 20 69 73 20 | include file is  |
| 31 30 2E 0A 54 68 69 73 20 69 73 20 6D 6F 73 74 | 10..This is most |
| 20 65 61 73 69 6C 79 20 64 6F 6E 65 20 77 69 74 |  easily done wit |
| 68 20 61 20 72 65 63 75 72 73 69 76 65 20 69 6E | h a recursive in |
| 63 6C 75 73 69 6F 6E 2E 0A 0A 42 65 66 6F 72 65 | clusion...Before |
| 20 74 68 65 20 69 6E 63 6C 75 64 65 0A 40 69 20 |  the include.@i  |
| 73 63 31 34 2E 66 77 0A 41 66 74 65 72 20 74 68 | sc14.fw.After th |
| 65 20 69 6E 63 6C 75 64 65 0A                   | e include.       |
+-------------------------------------------------+------------------+


=========================== Start of LINE LIST DUMP ============================

Globl Local| Text
-----------+--------------------------------------------------------------------
00001 00001| SC14: Test that the maximum number of levels of include file is 10.<010>
00002 00002| This is most easily done with a recursive inclusion.<010>
00003 00003| <010>
00004 00004| Before the include<010>
00005 00005| @i sc14.fw<010>
00006 00001| SC14: Test that the maximum number of levels of include file is 10.<010>
00007 00002| This is most easily done with a recursive inclusion.<010>
00008 00003| <010>
00009 00004| Before the include<010>
00010 00005| @i sc14.fw<010>
00011 00001| SC14: Test that the maximum number of levels of include file is 10.<010>
00012 00002| This is most easily done with a recursive inclusion.<010>
00013 00003| <010>
00014 00004| Before the include<010>
00015 00005| @i sc14.fw<010>
00016 00001| SC14: Test that the maximum number of levels of include file is 10.<010>
00017 00002| This is most easily done with a recursive inclusion.<010>
00018 00003| <010>
00019 00004| Before the include<010>
00020 00005| @i sc14.fw<010>
00021 00001| SC14: Test that the maximum number of levels of include file is 10.<010>
00022 00002| This is most easily done with a recursive inclusion.<010>
00023 00003| <010>
00024 00004| Before the include<010>
00025 00005| @i sc14.fw<010>
00026 00001| SC14: Test that the maximum number of levels of include file is 10.<010>
00027 00002| This is most easily done with a recursive inclusion.<010>
00028 00003| <010>
00029 00004| Before the include<010>
00030 00005| @i sc14.fw<010>
00031 00001| SC14: Test that the maximum number of levels of include file is 10.<010>
00032 00002| This is most easily done with a recursive inclusion.<010>
00033 00003| <010>
00034 00004| Before the include<010>
00035 00005| @i sc14.fw<010>
00036 00001| SC14: Test that the maximum number of levels of include file is 10.<010>
00037 00002| This is most easily done with a recursive inclusion.<010>
00038 00003| <010>
00039 00004| Before the include<010>
00040 00005| @i sc14.fw<010>
00041 00001| SC14: Test that the maximum number of levels of include file is 10.<010>
00042 00002| This is most easily done with a recursive inclusion.<010>
00043 00003| <010>
00044 00004| Before the include<010>
00045 00005| @i sc14.fw<010>
00046 00001| SC14: Test that the maximum number of levels of include file is 10.<010>
00047 00002| This is most easily done with a recursive inclusion.<010>
00048 00003| <010>
00049 00004| Before the include<010>
00050 00005| @i sc14.fw<010>
00051 00001| SC14: Test that the maximum number of levels of include file is 10.<010>
00052 00002| This is most easily done with a recursive inclusion.<010>
00053 00003| <010>
00054 00004| Before the include<010>
00055 00005| @i sc14.fw<010>
00056 00006| After the include<010>
00057 00006| After the include<010>
00058 00006| After the include<010>
00059 00006| After the include<010>
00060 00006| After the include<010>
00061 00006| After the include<010>
00062 00006| After the include<010>
00063 00006| After the include<010>
00064 00006| After the include<010>
00065 00006| After the include<010>
00066 00006| After the include<010>
00067 00007| <End-Of-File><010>
-----------+--------------------------------------------------------------------
Globl Local| Text

============================ End of LINE LIST DUMP =============================


=========================== Start of TOKEN LIST DUMP ===========================

Summary: There are 23 tokens in the token list.

Line[Column]: Token Description
-------------------------------

0001[01]: Text. Text scrap[Grey]="SC14: Test that the maximum number of levels of include file is 10.<010>
This is most easily done with a recursive inclusion.<010>
<010>
Before the include<010>
"
0006[01]: Text. Text scrap[Grey]="SC14: Test that the maximum number of levels of include file is 10.<010>
This is most easily done with a recursive inclusion.<010>
<010>
Before the include<010>
"
0011[01]: Text. Text scrap[Grey]="SC14: Test that the maximum number of levels of include file is 10.<010>
This is most easily done with a recursive inclusion.<010>
<010>
Before the include<010>
"
0016[01]: Text. Text scrap[Grey]="SC14: Test that the maximum number of levels of include file is 10.<010>
This is most easily done with a recursive inclusion.<010>
<010>
Before the include<010>
"
0021[01]: Text. Text scrap[Grey]="SC14: Test that the maximum number of levels of include file is 10.<010>
This is most easily done with a recursive inclusion.<010>
<010>
Before the include<010>
"
0026[01]: Text. Text scrap[Grey]="SC14: Test that the maximum number of levels of include file is 10.<010>
This is most easily done with a recursive inclusion.<010>
<010>
Before the include<010>
"
0031[01]: Text. Text scrap[Grey]="SC14: Test that the maximum number of levels of include file is 10.<010>
This is most easily done with a recursive inclusion.<010>
<010>
Before the include<010>
"
0036[01]: Text. Text scrap[Grey]="SC14: Test that the maximum number of levels of include file is 10.<010>
This is most easily done with a recursive inclusion.<010>
<010>
Before the include<010>
"
0041[01]: Text. Text scrap[Grey]="SC14: Test that the maximum number of levels of include file is 10.<010>
This is most easily done with a recursive inclusion.<010>
<010>
Before the include<010>
"
0046[01]: Text. Text scrap[Grey]="SC14: Test that the maximum number of levels of include file is 10.<010>
This is most easily done with a recursive inclusion.<010>
<010>
Before the include<010>
"
0051[01]: Text. Text scrap[Grey]="SC14: Test that the maximum number of levels of include file is 10.<010>
This is most easily done with a recursive inclusion.<010>
<010>
Before the include<010>
"
0056[01]: Text. Text scrap[Grey]="After the include<010>
"
0057[01]: Text. Text scrap[Grey]="After the include<010>
"
0058[01]: Text. Text scrap[Grey]="After the include<010>
"
0059[01]: Text. Text scrap[Grey]="After the include<010>
"
0060[01]: Text. Text scrap[Grey]="After the include<010>
"
0061[01]: Text. Text scrap[Grey]="After the include<010>
"
0062[01]: Text. Text scrap[Grey]="After the include<010>
"
0063[01]: Text. Text scrap[Grey]="After the include<010>
"
0064[01]: Text. Text scrap[Grey]="After the include<010>
"
0065[01]: Text. Text scrap[Grey]="After the include<010>
"
0066[01]: Text. Text scrap[Grey]="After the include<010>
"
0067[01]: End Of File. 
============================ End of TOKEN LIST DUMP ============================

Macro table dump skipped (Parser was not invoked).
Document list dump skipped (Parser was not invoked).

Global Local| Input File
------------+-------------------------------------------------------------------
     1     1| SC14: Test that the maximum number of levels of include file is 10.
     2     2| This is most easily done with a recursive inclusion.
     3     3| 
     4     4| Before the include
     5     5| @i sc14.fw
     6     1| SC14: Test that the maximum number of levels of include file is 10.
     7     2| This is most easily done with a recursive inclusion.
     8     3| 
     9     4| Before the include
    10     5| @i sc14.fw
    11     1| SC14: Test that the maximum number of levels of include file is 10.
    12     2| This is most easily done with a recursive inclusion.
    13     3| 
    14     4| Before the include
    15     5| @i sc14.fw
    16     1| SC14: Test that the maximum number of levels of include file is 10.
    17     2| This is most easily done with a recursive inclusion.
    18     3| 
    19     4| Before the include
    20     5| @i sc14.fw
    21     1| SC14: Test that the maximum number of levels of include file is 10.
    22     2| This is most easily done with a recursive inclusion.
    23     3| 
    24     4| Before the include
    25     5| @i sc14.fw
    26     1| SC14: Test that the maximum number of levels of include file is 10.
    27     2| This is most easily done with a recursive inclusion.
    28     3| 
    29     4| Before the include
    30     5| @i sc14.fw
    31     1| SC14: Test that the maximum number of levels of include file is 10.
    32     2| This is most easily done with a recursive inclusion.
    33     3| 
    34     4| Before the include
    35     5| @i sc14.fw
    36     1| SC14: Test that the maximum number of levels of include file is 10.
    37     2| This is most easily done with a recursive inclusion.
    38     3| 
    39     4| Before the include
    40     5| @i sc14.fw
    41     1| SC14: Test that the maximum number of levels of include file is 10.
    42     2| This is most easily done with a recursive inclusion.
    43     3| 
    44     4| Before the include
    45     5| @i sc14.fw
    46     1| SC14: Test that the maximum number of levels of include file is 10.
    47     2| This is most easily done with a recursive inclusion.
    48     3| 
    49     4| Before the include
    50     5| @i sc14.fw
    51     1| SC14: Test that the maximum number of levels of include file is 10.
    52     2| This is most easily done with a recursive inclusion.
    53     3| 
    54     4| Before the include
    55     5| @i sc14.fw
       Error|.^This include file is nested too deeply. It's probably recursive.
            |.^The maximum level of nested includes is 10.
            |.^Include ignored.
    56     6| After the include
    57     6| After the include
    58     6| After the include
    59     6| After the include
    60     6| After the include
    61     6| After the include
    62     6| After the include
    63     6| After the include
    64     6| After the include
    65     6| After the include
    66     6| After the include
            | <End-Of-File>
------------+-------------------------------------------------------------------

There was 1 Error.
